<?xml version="1.0" encoding="UTF-8"?>
<testsuite xmlns:xsi="http://www.w3.org/2001/XMLSchema-instance" xsi:noNamespaceSchemaLocation="https://maven.apache.org/surefire/maven-surefire-plugin/xsd/surefire-test-report-3.0.xsd" version="3.0" name="com.learnwithak.common.service.CommonServiceApplicationTests" time="18.812" tests="1" errors="0" skipped="0" failures="0">
  <properties>
[...]
</properties>
  <testcase name="contextLoads" classname="com.learnwithak.common.service.CommonServiceApplicationTests" time="5.099">
    <system-out><![CDATA[12:35:41.827 [main] INFO org.springframework.test.context.support.AnnotationConfigContextLoaderUtils -- Could not detect default configuration classes for test class [com.learnwithak.common.service.CommonServiceApplicationTests]: CommonServiceApplicationTests does not declare any static, non-private, non-final, nested classes annotated with @Configuration.
12:35:42.245 [main] INFO org.springframework.boot.test.context.SpringBootTestContextBootstrapper -- Found @SpringBootConfiguration com.learnwithak.common.service.CommonServiceApplication for test class com.learnwithak.common.service.CommonServiceApplicationTests

  .   ____          _            __ _ _
 /\\ / ___'_ __ _ _(_)_ __  __ _ \ \ \ \
( ( )\___ | '_ | '_| | '_ \/ _` | \ \ \ \
 \\/  ___)| |_)| | | | | || (_| |  ) ) ) )
  '  |____| .__|_| |_|_| |_\__, | / / / /
 =========|_|==============|___/=/_/_/_/

 :: Spring Boot ::                (v3.3.5)

2024-11-09T12:35:44.609+05:30  INFO 11232 --- [CommonService] [           main] c.l.c.s.CommonServiceApplicationTests    : Starting CommonServiceApplicationTests using Java 17.0.10 with PID 11232 (started by lenovo in E:\design-patterns\saga-design\saga-orchestration-with-axon\CommonService)
2024-11-09T12:35:44.615+05:30  INFO 11232 --- [CommonService] [           main] c.l.c.s.CommonServiceApplicationTests    : No active profile set, falling back to 1 default profile: "default"
2024-11-09T12:35:48.629+05:30  INFO 11232 --- [CommonService] [           main] o.a.s.a.XStreamAutoConfiguration         : Initializing an XStream instance since none was found. The auto configuration base packages will be used as wildcards for the XStream security settings.
2024-11-09T12:35:49.880+05:30  INFO 11232 --- [CommonService] [           main] o.a.s.util.XStreamSecurityTypeUtility    : Constructing wildcard type for base package [com.learnwithak.common.service].
2024-11-09T12:35:50.017+05:30  INFO 11232 --- [CommonService] [           main] o.a.serialization.ChainingConverter      : ContentTypeConverter of type [class org.axonframework.serialization.xml.Dom4JToByteArrayConverter] is ignored. It seems to rely on a class that is not available in the class loader: org/dom4j/Document
2024-11-09T12:35:50.024+05:30  INFO 11232 --- [CommonService] [           main] o.a.serialization.ChainingConverter      : ContentTypeConverter of type [class org.axonframework.serialization.xml.InputStreamToDom4jConverter] is ignored. It seems to rely on a class that is not available in the class loader: org/dom4j/Document
2024-11-09T12:35:50.026+05:30  INFO 11232 --- [CommonService] [           main] o.a.serialization.ChainingConverter      : ContentTypeConverter of type [class org.axonframework.serialization.xml.XomToStringConverter] is ignored. It seems to rely on a class that is not available in the class loader: nu/xom/Document
2024-11-09T12:35:50.027+05:30  INFO 11232 --- [CommonService] [           main] o.a.serialization.ChainingConverter      : ContentTypeConverter of type [class org.axonframework.serialization.xml.InputStreamToXomConverter] is ignored. It seems to rely on a class that is not available in the class loader: nu/xom/ParsingException
2024-11-09T12:35:50.196+05:30  INFO 11232 --- [CommonService] [           main] o.a.config.AxonIQConsoleModule           : 
################################################################################################
## You have not configured AxonIQ Console. AxonIQ Console provides out-of-the box monitoring  ##
## and management capabilities for your Axon Application, starting with it is free.           ##
## Visit https://console.axoniq.io for more information!                                      ##
## Suppress this message by setting system property disable-axoniq-console-message to true.   ##
################################################################################################

2024-11-09T12:35:52.743+05:30  INFO 11232 --- [CommonService] [           main] i.a.a.c.impl.AxonServerManagedChannel    : Requesting connection details from localhost:8124
2024-11-09T12:35:54.579+05:30  INFO 11232 --- [CommonService] [           main] i.a.a.c.impl.AxonServerManagedChannel    : Successfully connected to localhost:8124
2024-11-09T12:35:54.635+05:30  INFO 11232 --- [CommonService] [           main] i.a.a.connector.impl.ControlChannelImpl  : Connected instruction stream for context 'default'. Sending client identification
2024-11-09T12:35:54.760+05:30  INFO 11232 --- [CommonService] [           main] c.l.c.s.CommonServiceApplicationTests    : Started CommonServiceApplicationTests in 11.824 seconds (process running for 16.595)
]]></system-out>
  </testcase>
</testsuite>